This is pdfeTeXk, Version 3.141592-1.21a-2.2 (Web2C 7.5.4) (format=pdflatex 2005.5.30)  29 SEP 2006 22:01
entering extended mode
 file:line:error style messages enabled.
 %&-line parsing enabled.
**hm_manual
(./hm_manual.tex
LaTeX2e <2003/12/01>
Babel <v3.8d> and hyphenation patterns for american, french, german, ngerman, b
ahasa, basque, bulgarian, catalan, croatian, czech, danish, dutch, esperanto, e
stonian, finnish, greek, icelandic, irish, italian, latin, magyar, norsk, polis
h, portuges, romanian, russian, serbian, slovak, slovene, spanish, swedish, tur
kish, ukrainian, nohyphenation, loaded.
(/usr/share/texmf/tex/latex/base/article.cls
Document Class: article 2004/02/16 v1.4f Standard LaTeX document class
(/usr/share/texmf/tex/latex/base/size11.clo
File: size11.clo 2004/02/16 v1.4f Standard LaTeX file (size option)
)
\c@part=\count79
\c@section=\count80
\c@subsection=\count81
\c@subsubsection=\count82
\c@paragraph=\count83
\c@subparagraph=\count84
\c@figure=\count85
\c@table=\count86
\abovecaptionskip=\skip41
\belowcaptionskip=\skip42
\bibindent=\dimen102
)
(/usr/share/texmf/tex/latex/graphics/graphicx.sty
Package: graphicx 1999/02/16 v1.0f Enhanced LaTeX Graphics (DPC,SPQR)

(/usr/share/texmf/tex/latex/graphics/keyval.sty
Package: keyval 1999/03/16 v1.13 key=value parser (DPC)
\KV@toks@=\toks14
)
(/usr/share/texmf/tex/latex/graphics/graphics.sty
Package: graphics 2001/07/07 v1.0n Standard LaTeX Graphics (DPC,SPQR)

(/usr/share/texmf/tex/latex/graphics/trig.sty
Package: trig 1999/03/16 v1.09 sin cos tan (DPC)
)
(/usr/share/texmf/tex/latex/graphics/graphics.cfg
File: graphics.cfg 2005/02/03 v1.3 graphics configuration of teTeX/TeXLive
)
Package graphics Info: Driver file: pdftex.def on input line 80.

(/usr/share/texmf/tex/latex/graphics/pdftex.def
File: pdftex.def 2002/06/19 v0.03k graphics/color for pdftex
\Gread@gobject=\count87
))
\Gin@req@height=\dimen103
\Gin@req@width=\dimen104
) (./hm_manual.aux

LaTeX Warning: Label `fig:groupdescription' multiply defined.

)
\openout1 = `hm_manual.aux'.

LaTeX Font Info:    Checking defaults for OML/cmm/m/it on input line 10.
LaTeX Font Info:    ... okay on input line 10.
LaTeX Font Info:    Checking defaults for T1/cmr/m/n on input line 10.
LaTeX Font Info:    ... okay on input line 10.
LaTeX Font Info:    Checking defaults for OT1/cmr/m/n on input line 10.
LaTeX Font Info:    ... okay on input line 10.
LaTeX Font Info:    Checking defaults for OMS/cmsy/m/n on input line 10.
LaTeX Font Info:    ... okay on input line 10.
LaTeX Font Info:    Checking defaults for OMX/cmex/m/n on input line 10.
LaTeX Font Info:    ... okay on input line 10.
LaTeX Font Info:    Checking defaults for U/cmr/m/n on input line 10.
LaTeX Font Info:    ... okay on input line 10.
 (/usr/share/texmf/tex/context/base/supp-pdf.tex
(/usr/share/texmf/tex/context/base/supp-mis.tex
loading : Context Support Macros / Miscellaneous (2004.10.26)
\protectiondepth=\count88
\scratchcounter=\count89
\scratchtoks=\toks15
\scratchdimen=\dimen105
\scratchskip=\skip43
\scratchmuskip=\muskip10
\scratchbox=\box26
\scratchread=\read1
\scratchwrite=\write3
\zeropoint=\dimen106
\onepoint=\dimen107
\onebasepoint=\dimen108
\minusone=\count90
\thousandpoint=\dimen109
\onerealpoint=\dimen110
\emptytoks=\toks16
\nextbox=\box27
\nextdepth=\dimen111
\everyline=\toks17
\!!counta=\count91
\!!countb=\count92
\recursecounter=\count93
)
loading : Context Support Macros / PDF (2004.03.26)
\nofMPsegments=\count94
\nofMParguments=\count95
\MPscratchCnt=\count96
\MPscratchDim=\dimen112
\MPnumerator=\count97
\everyMPtoPDFconversion=\toks18
)
LaTeX Font Info:    External font `cmex10' loaded for size
(Font)              <12> on input line 12.
LaTeX Font Info:    External font `cmex10' loaded for size
(Font)              <8> on input line 12.
LaTeX Font Info:    External font `cmex10' loaded for size
(Font)              <6> on input line 12.
 <figures/gui_overview.png, id=1, 609.27625pt x 470.75874pt>
File: figures/gui_overview.png Graphic file (type png)

<use figures/gui_overview.png> [1

{/var/lib/texmf/fonts/map/pdftex/updmap/pdftex.map}] [2 <./figures/gui_overview
.png>]
<figures/subjectgui.png, id=27, 570.13pt x 520.94624pt>
File: figures/subjectgui.png Graphic file (type png)

<use figures/subjectgui.png>
Overfull \hbox (38.33858pt too wide) in paragraph at lines 103--104
 [][] 
 []

LaTeX Font Info:    Try loading font information for OMS+cmr on input line 112.

(/usr/share/texmf/tex/latex/base/omscmr.fd
File: omscmr.fd 1999/05/25 v2.5h Standard LaTeX font definitions
)
LaTeX Font Info:    Font shape `OMS/cmr/m/n' in size <10.95> not available
(Font)              Font shape `OMS/cmsy/m/n' tried instead on input line 112.
LaTeX Font Info:    External font `cmex10' loaded for size
(Font)              <10.95> on input line 115.
 [3] [4 <./figures/subjectgui.png>]
<figures/searchgui.png, id=40, 552.0625pt x 524.96124pt>
File: figures/searchgui.png Graphic file (type png)

<use figures/searchgui.png>
<figures/analyzegui.png, id=41, 609.27625pt x 470.75874pt>
File: figures/analyzegui.png Graphic file (type png)

<use figures/analyzegui.png>
<figures/groupdescription.png, id=42, 299.1175pt x 130.4875pt>
File: figures/groupdescription.png Graphic file (type png)

<use figures/groupdescription.png>

LaTeX Warning: Reference `fig:searchgroupgui' on page 5 undefined on input line
 182.

<figures/searchgroupgui.png, id=43, 626.34pt x 398.48875pt>
File: figures/searchgroupgui.png Graphic file (type png)

<use figures/searchgroupgui.png> [5] [6 <./figures/searchgui.png>] [7 <./figure
s/analyzegui.png> <./figures/groupdescription.png>]
<figures/eeresults.png, id=54, 617.30624pt x 342.27875pt>
File: figures/eeresults.png Graphic file (type png)

<use figures/eeresults.png>
<figures/eeplot.png, id=55, 699.61375pt x 664.4825pt>
File: figures/eeplot.png Graphic file (type png)
 <use figures/eeplot.png>
[8 <./figures/searchgroupgui.png>]
<figures/eetestretestresult.png, id=59, 548.0475pt x 342.27875pt>
File: figures/eetestretestresult.png Graphic file (type png)

<use figures/eetestretestresult.png>
<figures/eetestretestplot.png, id=60, 699.61375pt x 664.4825pt>
File: figures/eetestretestplot.png Graphic file (type png)

<use figures/eetestretestplot.png> [9 <./figures/eeresults.png>] [10 <./figures
/eeplot.png> <./figures/eetestretestresult.png>] [11 <./figures/eetestretestplo
t.png>] (./hm_manual.aux)

LaTeX Warning: There were undefined references.


LaTeX Warning: There were multiply-defined labels.

 ) 
Here is how much of TeX's memory you used:
 983 strings out of 94500
 12563 string characters out of 1176766
 59986 words of memory out of 1000000
 4184 multiletter control sequences out of 10000+50000
 9157 words of font info for 32 fonts, out of 500000 for 2000
 580 hyphenation exceptions out of 1000
 25i,6n,21p,221b,271s stack positions out of 1500i,500n,5000p,200000b,5000s
PDF statistics:
 69 PDF objects out of 300000
 0 named destinations out of 131072
 51 words of extra memory for PDF output out of 65536
</usr/share/texmf/fonts/type1/bluesky/cm/cmmi10.pfb></usr/share/texmf/fonts/t
ype1/bluesky/cm/cmsy10.pfb></usr/share/texmf/fonts/type1/bluesky/cm/cmbx10.pfb>
</usr/share/texmf/fonts/type1/bluesky/cm/cmti10.pfb></usr/share/texmf/fonts/typ
e1/bluesky/cm/cmr10.pfb></usr/share/texmf/fonts/type1/bluesky/cm/cmbx12.pfb></u
sr/share/texmf/fonts/type1/bluesky/cm/cmr12.pfb></usr/share/texmf/fonts/type1/b
luesky/cm/cmr17.pfb>
Output written on hm_manual.pdf (11 pages, 177761 bytes).
